d:\touchgfx\4.8.0\app\template\powersupplysystem\build\debug\obj\oswrappers.obj
d:\touchgfx\4.8.0\app\template\powersupplysystem\build\debug\obj\mainpresenter.obj
d:\touchgfx\4.8.0\app\template\powersupplysystem\build\debug\obj\halsdl2.obj
d:\touchgfx\4.8.0\app\template\powersupplysystem\build\debug\obj\frontendapplication.obj
d:\touchgfx\4.8.0\app\template\powersupplysystem\build\debug\obj\graphline.obj
d:\touchgfx\4.8.0\app\template\powersupplysystem\build\debug\obj\main.obj
d:\touchgfx\4.8.0\app\template\powersupplysystem\build\debug\obj\graph.obj
d:\touchgfx\4.8.0\app\template\powersupplysystem\build\debug\obj\sdl2touchcontroller.obj
d:\touchgfx\4.8.0\app\template\powersupplysystem\build\debug\obj\mainview.obj
d:\touchgfx\4.8.0\app\template\powersupplysystem\build\debug\obj\abstractgraph.obj
d:\touchgfx\4.8.0\app\template\powersupplysystem\build\debug\obj\model.obj
d:\touchgfx\4.8.0\app\template\powersupplysystem\build\debug\obj\halsdl2_icon.obj
d:\touchgfx\4.8.0\app\template\powersupplysystem\build\debug\obj\vc140.pdb
d:\touchgfx\4.8.0\app\template\powersupplysystem\build\debug\obj\kerning_verdana_40_4bpp.obj
d:\touchgfx\4.8.0\app\template\powersupplysystem\build\debug\obj\kerning_verdana_40_4bpp.asm
d:\touchgfx\4.8.0\app\template\powersupplysystem\build\debug\obj\background_rev1.obj
d:\touchgfx\4.8.0\app\template\powersupplysystem\build\debug\obj\background_rev1.asm
d:\touchgfx\4.8.0\app\template\powersupplysystem\build\debug\obj\font_verdana_20_4bpp.obj
d:\touchgfx\4.8.0\app\template\powersupplysystem\build\debug\obj\font_verdana_20_4bpp.asm
d:\touchgfx\4.8.0\app\template\powersupplysystem\build\debug\obj\table_verdana_40_4bpp.obj
d:\touchgfx\4.8.0\app\template\powersupplysystem\build\debug\obj\table_verdana_40_4bpp.asm
d:\touchgfx\4.8.0\app\template\powersupplysystem\build\debug\obj\blue_icons_down_arrow_48.obj
d:\touchgfx\4.8.0\app\template\powersupplysystem\build\debug\obj\blue_icons_down_arrow_48.asm
d:\touchgfx\4.8.0\app\template\powersupplysystem\build\debug\obj\font_verdana_40_4bpp.obj
d:\touchgfx\4.8.0\app\template\powersupplysystem\build\debug\obj\font_verdana_40_4bpp.asm
d:\touchgfx\4.8.0\app\template\powersupplysystem\build\debug\obj\table_verdana_10_4bpp.obj
d:\touchgfx\4.8.0\app\template\powersupplysystem\build\debug\obj\table_verdana_10_4bpp.asm
d:\touchgfx\4.8.0\app\template\powersupplysystem\build\debug\obj\blue_icons_power_48.obj
d:\touchgfx\4.8.0\app\template\powersupplysystem\build\debug\obj\blue_icons_power_48.asm
d:\touchgfx\4.8.0\app\template\powersupplysystem\build\debug\obj\round_edge_icon_button_pressed.obj
d:\touchgfx\4.8.0\app\template\powersupplysystem\build\debug\obj\round_edge_icon_button_pressed.asm
d:\touchgfx\4.8.0\app\template\powersupplysystem\build\debug\obj\kerning_verdana_10_4bpp.obj
d:\touchgfx\4.8.0\app\template\powersupplysystem\build\debug\obj\kerning_verdana_10_4bpp.asm
d:\touchgfx\4.8.0\app\template\powersupplysystem\build\debug\obj\blue_buttons_round_edge_icon_button.obj
d:\touchgfx\4.8.0\app\template\powersupplysystem\build\debug\obj\blue_buttons_round_edge_icon_button.asm
d:\touchgfx\4.8.0\app\template\powersupplysystem\build\debug\obj\graphimage.obj
d:\touchgfx\4.8.0\app\template\powersupplysystem\build\debug\obj\graphimage.asm
d:\touchgfx\4.8.0\app\template\powersupplysystem\build\debug\obj\kerning_verdana_20_4bpp.obj
d:\touchgfx\4.8.0\app\template\powersupplysystem\build\debug\obj\kerning_verdana_20_4bpp.asm
d:\touchgfx\4.8.0\app\template\powersupplysystem\build\debug\obj\table_verdana_20_4bpp.obj
d:\touchgfx\4.8.0\app\template\powersupplysystem\build\debug\obj\table_verdana_20_4bpp.asm
d:\touchgfx\4.8.0\app\template\powersupplysystem\build\debug\obj\down_arrow_48.obj
d:\touchgfx\4.8.0\app\template\powersupplysystem\build\debug\obj\down_arrow_48.asm
d:\touchgfx\4.8.0\app\template\powersupplysystem\build\debug\obj\up_arrow_48.obj
d:\touchgfx\4.8.0\app\template\powersupplysystem\build\debug\obj\up_arrow_48.asm
d:\touchgfx\4.8.0\app\template\powersupplysystem\build\debug\obj\applicationfontprovider.obj
d:\touchgfx\4.8.0\app\template\powersupplysystem\build\debug\obj\applicationfontprovider.asm
d:\touchgfx\4.8.0\app\template\powersupplysystem\build\debug\obj\bitmapdatabase.obj
d:\touchgfx\4.8.0\app\template\powersupplysystem\build\debug\obj\bitmapdatabase.asm
d:\touchgfx\4.8.0\app\template\powersupplysystem\build\debug\obj\blue_icons_up_arrow_48.obj
d:\touchgfx\4.8.0\app\template\powersupplysystem\build\debug\obj\blue_icons_up_arrow_48.asm
d:\touchgfx\4.8.0\app\template\powersupplysystem\build\debug\obj\round_edge_icon_button.obj
d:\touchgfx\4.8.0\app\template\powersupplysystem\build\debug\obj\round_edge_icon_button.asm
d:\touchgfx\4.8.0\app\template\powersupplysystem\build\debug\obj\typedtextdatabase.obj
d:\touchgfx\4.8.0\app\template\powersupplysystem\build\debug\obj\typedtextdatabase.asm
d:\touchgfx\4.8.0\app\template\powersupplysystem\build\debug\obj\fontgetters.obj
d:\touchgfx\4.8.0\app\template\powersupplysystem\build\debug\obj\fontgetters.asm
d:\touchgfx\4.8.0\app\template\powersupplysystem\build\debug\obj\blue_buttons_round_edge_icon_button_pressed.obj
d:\touchgfx\4.8.0\app\template\powersupplysystem\build\debug\obj\blue_buttons_round_edge_icon_button_pressed.asm
d:\touchgfx\4.8.0\app\template\powersupplysystem\build\debug\obj\green_bolt.obj
d:\touchgfx\4.8.0\app\template\powersupplysystem\build\debug\obj\green_bolt.asm
d:\touchgfx\4.8.0\app\template\powersupplysystem\build\debug\obj\languagegb.obj
d:\touchgfx\4.8.0\app\template\powersupplysystem\build\debug\obj\languagegb.asm
d:\touchgfx\4.8.0\app\template\powersupplysystem\build\debug\obj\font_verdana_10_4bpp.obj
d:\touchgfx\4.8.0\app\template\powersupplysystem\build\debug\obj\font_verdana_10_4bpp.asm
d:\touchgfx\4.8.0\app\template\powersupplysystem\build\debug\obj\red_bolt.obj
d:\touchgfx\4.8.0\app\template\powersupplysystem\build\debug\obj\red_bolt.asm
d:\touchgfx\4.8.0\app\template\powersupplysystem\build\debug\obj\texts.obj
d:\touchgfx\4.8.0\app\template\powersupplysystem\build\debug\obj\texts.asm
d:\touchgfx\4.8.0\app\template\powersupplysystem\build\debug\obj\vc140.idb
d:\touchgfx\4.8.0\app\template\powersupplysystem\build\debug\bin\application.ilk
d:\touchgfx\4.8.0\app\template\powersupplysystem\build\debug\bin\application.exe
d:\touchgfx\4.8.0\app\template\powersupplysystem\build\debug\bin\application.pdb
d:\touchgfx\4.8.0\app\template\powersupplysystem\build\debug\obj\touchgfx.res
d:\touchgfx\4.8.0\app\template\powersupplysystem\simulator\msvs\..\..\build\debug\bin\application.exe
d:\touchgfx\4.8.0\app\template\powersupplysystem\build\debug\obj\application.tlog\cl.command.1.tlog
d:\touchgfx\4.8.0\app\template\powersupplysystem\build\debug\obj\application.tlog\cl.read.1.tlog
d:\touchgfx\4.8.0\app\template\powersupplysystem\build\debug\obj\application.tlog\cl.write.1.tlog
d:\touchgfx\4.8.0\app\template\powersupplysystem\build\debug\obj\application.tlog\link.command.1.tlog
d:\touchgfx\4.8.0\app\template\powersupplysystem\build\debug\obj\application.tlog\link.read.1.tlog
d:\touchgfx\4.8.0\app\template\powersupplysystem\build\debug\obj\application.tlog\link.write.1.tlog
d:\touchgfx\4.8.0\app\template\powersupplysystem\build\debug\obj\application.tlog\rc.command.1.tlog
d:\touchgfx\4.8.0\app\template\powersupplysystem\build\debug\obj\application.tlog\rc.read.1.tlog
d:\touchgfx\4.8.0\app\template\powersupplysystem\build\debug\obj\application.tlog\rc.write.1.tlog
